Standard out:
Generating ESM language model embeddings
Processing 1 of 1 batches (1 sequences)

Standard error:
/home/appuser/micromamba/envs/diffdock/lib/python3.9/site-packages/Bio/pairwise2.py:278: BiopythonDeprecationWarning: Bio.pairwise2 has been deprecated, and we intend to remove it in a future release of Biopython. As an alternative, please consider using Bio.Align.PairwiseAligner as a replacement, and contact the Biopython developers if you still need the Bio.pairwise2 module.
  warnings.warn(
[2026-Jul-20 02:42:04 UTC] [inference.py:125] INFO - Models not found. Downloading
[2026-Jul-20 02:42:04 UTC] [inference.py:130] INFO - Attempting download from https://github.com/gcorso/DiffDock/releases/latest/download/diffdock_models.zip
[2026-Jul-20 02:42:04 UTC] [inference.py:130] INFO - Attempting download from https://github.com/gcorso/DiffDock/releases/download/v1.1/diffdock_models.zip
[2026-Jul-20 02:42:05 UTC] [inference.py:135] INFO - Downloaded and extracted 6 files from https://github.com/gcorso/DiffDock/releases/download/v1.1/diffdock_models.zip
[2026-Jul-20 02:42:05 UTC] [inference.py:153] INFO - DiffDock will run on cpu
Downloading: "https://dl.fbaipublicfiles.com/fair-esm/models/esm2_t33_650M_UR50D.pt" to /home/appuser/.cache/torch/hub/checkpoints/esm2_t33_650M_UR50D.pt
Downloading: "https://dl.fbaipublicfiles.com/fair-esm/regression/esm2_t33_650M_UR50D-contact-regression.pt" to /home/appuser/.cache/torch/hub/checkpoints/esm2_t33_650M_UR50D-contact-regression.pt
[2026-Jul-20 02:42:20 UTC] [inference.py:184] INFO - Confidence model uses different type of graphs than the score model. Loading (or creating if not existing) the data for the confidence model now.
[2026-Jul-20 02:42:27 UTC] [inference.py:223] INFO - Size of test dataset: 1

0it [00:00, ?it/s]/home/appuser/DiffDock/datasets/parse_chi.py:91: RuntimeWarning: invalid value encountered in cast
  Y = indices.astype(int)

1it [09:42, 582.93s/it]
1it [09:42, 582.93s/it]
[2026-Jul-20 02:52:10 UTC] [inference.py:312] INFO - 
    Failed for 0 / 1 complexes.
    Skipped 0 / 1 complexes.

[2026-Jul-20 02:52:10 UTC] [inference.py:313] INFO - Results saved in /tmp/tmptk5elxpz
